2017/06/06 23:00:13 [I] [main.go:27] the server is starting... 
2017/06/06 23:02:03 [I] [main.go:27] the server is starting... 
2017/06/06 23:10:03 [I] [main.go:27] the server is starting... 
2017/06/06 23:10:03 [I] [asm_amd64.s:2197] http server Running on http://:8082
2017/06/06 23:11:00 [I] [main.go:27] the server is starting... 
2017/06/06 23:11:00 [I] [asm_amd64.s:2197] http server Running on http://:8082
2017/06/06 23:11:10 [C] [asm_amd64.s:514] the request url is  /passport/login
2017/06/06 23:11:10 [C] [asm_amd64.s:514] Handler crashed with error runtime error: index out of range
2017/06/06 23:11:10 [C] [asm_amd64.s:514] D:/Go/src/runtime/asm_amd64.s:514
2017/06/06 23:11:10 [C] [asm_amd64.s:514] D:/Go/src/runtime/panic.go:489
2017/06/06 23:11:10 [C] [asm_amd64.s:514] D:/Go/src/runtime/panic.go:28
2017/06/06 23:11:10 [C] [asm_amd64.s:514] E:/app_go/src/juetun/admin/common/AdminController.go:48
2017/06/06 23:11:10 [C] [asm_amd64.s:514] E:/app_go/src/juetun/admin/common/AdminController.go:56
2017/06/06 23:11:10 [C] [asm_amd64.s:514] E:/app_go/src/juetun/admin/common/AdminController.go:91
2017/06/06 23:11:10 [C] [asm_amd64.s:514] E:/app_go/src/juetun/admin/common/AdminController.go:16
2017/06/06 23:11:10 [C] [asm_amd64.s:514] E:/app_go/src/juetun/admin/common/AdminController.go:213
2017/06/06 23:11:10 [C] [asm_amd64.s:514] E:/app_go/src/github.com/astaxie/beego/router.go:775
2017/06/06 23:11:10 [C] [asm_amd64.s:514] D:/Go/src/net/http/server.go:2568
2017/06/06 23:11:10 [C] [asm_amd64.s:514] D:/Go/src/net/http/server.go:1825
2017/06/06 23:11:10 [C] [asm_amd64.s:514] D:/Go/src/runtime/asm_amd64.s:2197
2017/06/06 23:11:13 [I] [main.go:27] the server is starting... 
2017/06/06 23:11:13 [I] [asm_amd64.s:2197] http server Running on http://:8082
2017/06/06 23:11:47 [C] [asm_amd64.s:514] the request url is  /passport/login
2017/06/06 23:11:47 [C] [asm_amd64.s:514] Handler crashed with error runtime error: index out of range
2017/06/06 23:11:47 [C] [asm_amd64.s:514] D:/Go/src/runtime/asm_amd64.s:514
2017/06/06 23:11:47 [C] [asm_amd64.s:514] D:/Go/src/runtime/panic.go:489
2017/06/06 23:11:47 [C] [asm_amd64.s:514] D:/Go/src/runtime/panic.go:28
2017/06/06 23:11:47 [C] [asm_amd64.s:514] E:/app_go/src/juetun/admin/common/AdminController.go:48
2017/06/06 23:11:47 [C] [asm_amd64.s:514] E:/app_go/src/juetun/admin/common/AdminController.go:56
2017/06/06 23:11:47 [C] [asm_amd64.s:514] E:/app_go/src/juetun/admin/common/AdminController.go:91
2017/06/06 23:11:47 [C] [asm_amd64.s:514] E:/app_go/src/juetun/admin/common/AdminController.go:16
2017/06/06 23:11:47 [C] [asm_amd64.s:514] E:/app_go/src/juetun/admin/common/AdminController.go:213
2017/06/06 23:11:47 [C] [asm_amd64.s:514] E:/app_go/src/github.com/astaxie/beego/router.go:775
2017/06/06 23:11:47 [C] [asm_amd64.s:514] D:/Go/src/net/http/server.go:2568
2017/06/06 23:11:47 [C] [asm_amd64.s:514] D:/Go/src/net/http/server.go:1825
2017/06/06 23:11:47 [C] [asm_amd64.s:514] D:/Go/src/runtime/asm_amd64.s:2197
2017/06/06 23:12:19 [I] [main.go:27] the server is starting... 
2017/06/06 23:12:19 [I] [asm_amd64.s:2197] http server Running on http://:8082
2017/06/06 23:12:23 [C] [asm_amd64.s:514] the request url is  /passport/login
2017/06/06 23:12:23 [C] [asm_amd64.s:514] Handler crashed with error runtime error: index out of range
2017/06/06 23:12:23 [C] [asm_amd64.s:514] D:/Go/src/runtime/asm_amd64.s:514
2017/06/06 23:12:23 [C] [asm_amd64.s:514] D:/Go/src/runtime/panic.go:489
2017/06/06 23:12:23 [C] [asm_amd64.s:514] D:/Go/src/runtime/panic.go:28
2017/06/06 23:12:23 [C] [asm_amd64.s:514] E:/app_go/src/juetun/admin/common/AdminController.go:49
2017/06/06 23:12:23 [C] [asm_amd64.s:514] E:/app_go/src/juetun/admin/common/AdminController.go:57
2017/06/06 23:12:23 [C] [asm_amd64.s:514] E:/app_go/src/juetun/admin/common/AdminController.go:92
2017/06/06 23:12:23 [C] [asm_amd64.s:514] E:/app_go/src/juetun/admin/common/AdminController.go:16
2017/06/06 23:12:23 [C] [asm_amd64.s:514] E:/app_go/src/juetun/admin/common/AdminController.go:214
2017/06/06 23:12:23 [C] [asm_amd64.s:514] E:/app_go/src/github.com/astaxie/beego/router.go:775
2017/06/06 23:12:23 [C] [asm_amd64.s:514] D:/Go/src/net/http/server.go:2568
2017/06/06 23:12:23 [C] [asm_amd64.s:514] D:/Go/src/net/http/server.go:1825
2017/06/06 23:12:23 [C] [asm_amd64.s:514] D:/Go/src/runtime/asm_amd64.s:2197
2017/06/06 23:12:47 [I] [main.go:27] the server is starting... 
2017/06/06 23:12:48 [I] [asm_amd64.s:2197] http server Running on http://:8082
2017/06/06 23:13:23 [I] [main.go:27] the server is starting... 
2017/06/06 23:13:23 [I] [asm_amd64.s:2197] http server Running on http://:8082
2017/06/06 23:13:33 [C] [asm_amd64.s:514] the request url is  /passport/login
2017/06/06 23:13:33 [C] [asm_amd64.s:514] Handler crashed with error can't find templatefile in the path:views/passport/login.html
2017/06/06 23:13:33 [C] [asm_amd64.s:514] D:/Go/src/runtime/asm_amd64.s:514
2017/06/06 23:13:33 [C] [asm_amd64.s:514] D:/Go/src/runtime/panic.go:489
2017/06/06 23:13:33 [C] [asm_amd64.s:514] E:/app_go/src/github.com/astaxie/beego/template.go:73
2017/06/06 23:13:33 [C] [asm_amd64.s:514] E:/app_go/src/github.com/astaxie/beego/controller.go:254
2017/06/06 23:13:33 [C] [asm_amd64.s:514] E:/app_go/src/github.com/astaxie/beego/controller.go:205
2017/06/06 23:13:33 [C] [asm_amd64.s:514] E:/app_go/src/github.com/astaxie/beego/controller.go:185
2017/06/06 23:13:33 [C] [asm_amd64.s:514] E:/app_go/src/github.com/astaxie/beego/router.go:816
2017/06/06 23:13:33 [C] [asm_amd64.s:514] D:/Go/src/net/http/server.go:2568
2017/06/06 23:13:33 [C] [asm_amd64.s:514] D:/Go/src/net/http/server.go:1825
2017/06/06 23:13:33 [C] [asm_amd64.s:514] D:/Go/src/runtime/asm_amd64.s:2197
2017/06/06 23:24:17 [C] [asm_amd64.s:514] the request url is  /passport/iframelogin
2017/06/06 23:24:17 [C] [asm_amd64.s:514] Handler crashed with error can't find templatefile in the path:views/iframe.html
2017/06/06 23:24:17 [C] [asm_amd64.s:514] D:/Go/src/runtime/asm_amd64.s:514
2017/06/06 23:24:17 [C] [asm_amd64.s:514] D:/Go/src/runtime/panic.go:489
2017/06/06 23:24:17 [C] [asm_amd64.s:514] E:/app_go/src/github.com/astaxie/beego/template.go:73
2017/06/06 23:24:17 [C] [asm_amd64.s:514] E:/app_go/src/github.com/astaxie/beego/controller.go:254
2017/06/06 23:24:17 [C] [asm_amd64.s:514] E:/app_go/src/github.com/astaxie/beego/controller.go:205
2017/06/06 23:24:17 [C] [asm_amd64.s:514] E:/app_go/src/github.com/astaxie/beego/controller.go:185
2017/06/06 23:24:17 [C] [asm_amd64.s:514] E:/app_go/src/github.com/astaxie/beego/router.go:816
2017/06/06 23:24:17 [C] [asm_amd64.s:514] D:/Go/src/net/http/server.go:2568
2017/06/06 23:24:17 [C] [asm_amd64.s:514] D:/Go/src/net/http/server.go:1825
2017/06/06 23:24:17 [C] [asm_amd64.s:514] D:/Go/src/runtime/asm_amd64.s:2197
2017/06/06 23:36:13 [I] [main.go:27] the server is starting... 
2017/06/06 23:36:13 [I] [asm_amd64.s:2197] http server Running on http://:8082
2017/06/06 23:48:31 [I] [main.go:27] the server is starting... 
2017/06/06 23:48:31 [I] [asm_amd64.s:2197] http server Running on http://:8082
2017/06/06 23:50:06 [I] [main.go:27] the server is starting... 
2017/06/06 23:50:06 [I] [asm_amd64.s:2197] http server Running on http://:8082
2017/06/06 23:51:25 [I] [main.go:27] the server is starting... 
2017/06/06 23:51:25 [I] [asm_amd64.s:2197] http server Running on http://:8082
2017/06/06 23:51:44 [I] [main.go:27] the server is starting... 
2017/06/06 23:51:44 [I] [asm_amd64.s:2197] http server Running on http://:8082
2017/06/06 23:56:28 [I] [main.go:27] the server is starting... 
2017/06/06 23:56:28 [I] [asm_amd64.s:2197] http server Running on http://:8082
2017/06/06 23:58:07 [I] [main.go:27] the server is starting... 
2017/06/06 23:58:07 [I] [asm_amd64.s:2197] http server Running on http://:8082
2017/06/06 23:58:28 [I] [main.go:27] the server is starting... 
2017/06/06 23:58:28 [I] [asm_amd64.s:2197] http server Running on http://:8082
2017/06/06 23:58:31 [I] [main.go:27] the server is starting... 
2017/06/06 23:58:31 [I] [asm_amd64.s:2197] http server Running on http://:8082
2017/06/06 23:58:34 [I] [main.go:27] the server is starting... 
2017/06/06 23:58:34 [I] [asm_amd64.s:2197] http server Running on http://:8082
2017/06/06 23:58:37 [I] [main.go:27] the server is starting... 
2017/06/06 23:58:37 [I] [asm_amd64.s:2197] http server Running on http://:8082
2017/06/06 23:59:40 [D] [controller.go:217] template Execute err: template: layout/header.html:15:8: executing "layout/header.html" at <.Module>: Module has arguments but cannot be invoked as function
2017/06/06 23:59:40 [E] [server.go:2568] template: layout/header.html:15:8: executing "layout/header.html" at <.Module>: Module has arguments but cannot be invoked as function
2017/06/06 23:59:41 [I] [main.go:27] the server is starting... 
2017/06/06 23:59:41 [I] [asm_amd64.s:2197] http server Running on http://:8082
2017/06/06 23:59:41 [D] [controller.go:217] template Execute err: template: layout/header.html:15:8: executing "layout/header.html" at <.Module>: Module has arguments but cannot be invoked as function
2017/06/06 23:59:41 [E] [server.go:2568] template: layout/header.html:15:8: executing "layout/header.html" at <.Module>: Module has arguments but cannot be invoked as function
